This is pdfTeX, Version 3.1415926-1.40.10 (TeX Live 2009/Debian) (format=pdflatex 2012.5.14)  19 JUL 2012 13:44
entering extended mode
 %&-line parsing enabled.
**main.tex
(./main.tex
LaTeX2e <2009/09/24>
Babel <v3.8l> and hyphenation patterns for english, usenglishmax, dumylang, noh
yphenation, loaded.
(./mitthesis.cls
Document Class: mitthesis 1999/10/20
\vithesis=\count79
(/usr/share/texmf-texlive/tex/latex/base/report.cls
Document Class: report 2007/10/19 v1.4h Standard LaTeX document class
(/usr/share/texmf-texlive/tex/latex/base/size12.clo
File: size12.clo 2007/10/19 v1.4h Standard LaTeX file (size option)
)
\c@part=\count80
\c@chapter=\count81
\c@section=\count82
\c@subsection=\count83
\c@subsubsection=\count84
\c@paragraph=\count85
\c@subparagraph=\count86
\c@figure=\count87
\c@table=\count88
\abovecaptionskip=\skip41
\belowcaptionskip=\skip42
\bibindent=\dimen102
)
(/usr/share/texmf-texlive/tex/latex/setspace/setspace.sty
Package: setspace 2000/12/01 6.7 Contributed and Supported LaTeX2e package

Package: `setspace' 6.7 <2000/12/01>
)
Thesis document copyright MIT unless otherwise (manually) specified
\@titlesupervisor=\box26
\@abstractsupervisor=\box27
\c@savepage=\count89
(/usr/share/texmf-texlive/tex/latex/amsfonts/amssymb.sty
Package: amssymb 2009/06/22 v3.00

(/usr/share/texmf-texlive/tex/latex/amsfonts/amsfonts.sty
Package: amsfonts 2009/06/22 v3.00 Basic AMSFonts support
\@emptytoks=\toks14
\symAMSa=\mathgroup4
\symAMSb=\mathgroup5
LaTeX Font Info:    Overwriting math alphabet `\mathfrak' in version `bold'
(Font)                  U/euf/m/n --> U/euf/b/n on input line 96.
))
(/usr/share/texmf-texlive/tex/latex/amscls/amsthm.sty
Package: amsthm 2004/08/06 v2.20
\thm@style=\toks15
\thm@bodyfont=\toks16
\thm@headfont=\toks17
\thm@notefont=\toks18
\thm@headpunct=\toks19
\thm@preskip=\skip43
\thm@postskip=\skip44
\thm@headsep=\skip45
\dth@everypar=\toks20
)
(/usr/share/texmf-texlive/tex/latex/amsmath/amsmath.sty
Package: amsmath 2000/07/18 v2.13 AMS math features
\@mathmargin=\skip46

For additional information on amsmath, use the `?' option.
(/usr/share/texmf-texlive/tex/latex/amsmath/amstext.sty
Package: amstext 2000/06/29 v2.01

(/usr/share/texmf-texlive/tex/latex/amsmath/amsgen.sty
File: amsgen.sty 1999/11/30 v2.0
\@emptytoks=\toks21
\ex@=\dimen103
))
(/usr/share/texmf-texlive/tex/latex/amsmath/amsbsy.sty
Package: amsbsy 1999/11/29 v1.2d
\pmbraise@=\dimen104
)
(/usr/share/texmf-texlive/tex/latex/amsmath/amsopn.sty
Package: amsopn 1999/12/14 v2.01 operator names
)
\inf@bad=\count90
LaTeX Info: Redefining \frac on input line 211.
\uproot@=\count91
\leftroot@=\count92
LaTeX Info: Redefining \overline on input line 307.
\classnum@=\count93
\DOTSCASE@=\count94
LaTeX Info: Redefining \ldots on input line 379.
LaTeX Info: Redefining \dots on input line 382.
LaTeX Info: Redefining \cdots on input line 467.
\Mathstrutbox@=\box28
\strutbox@=\box29
\big@size=\dimen105
LaTeX Font Info:    Redeclaring font encoding OML on input line 567.
LaTeX Font Info:    Redeclaring font encoding OMS on input line 568.
\macc@depth=\count95
\c@MaxMatrixCols=\count96
\dotsspace@=\muskip10
\c@parentequation=\count97
\dspbrk@lvl=\count98
\tag@help=\toks22
\row@=\count99
\column@=\count100
\maxfields@=\count101
\andhelp@=\toks23
\eqnshift@=\dimen106
\alignsep@=\dimen107
\tagshift@=\dimen108
\tagwidth@=\dimen109
\totwidth@=\dimen110
\lineht@=\dimen111
\@envbody=\toks24
\multlinegap=\skip47
\multlinetaggap=\skip48
\mathdisplay@stack=\toks25
LaTeX Info: Redefining \[ on input line 2666.
LaTeX Info: Redefining \] on input line 2667.
)
(/usr/share/texmf-texlive/tex/latex/graphics/graphics.sty
Package: graphics 2009/02/05 v1.0o Standard LaTeX Graphics (DPC,SPQR)

(/usr/share/texmf-texlive/tex/latex/graphics/trig.sty
Package: trig 1999/03/16 v1.09 sin cos tan (DPC)
)
(/etc/texmf/tex/latex/config/graphics.cfg
File: graphics.cfg 2009/08/28 v1.8 graphics configuration of TeX Live
)
Package graphics Info: Driver file: pdftex.def on input line 91.

(/usr/share/texmf-texlive/tex/latex/pdftex-def/pdftex.def
File: pdftex.def 2010/03/12 v0.04p Graphics/color for pdfTeX
\Gread@gobject=\count102
))
\c@theorem=\count103
\c@example=\count104
\c@definition=\count105
\c@corollary=\count106
\c@openproblem=\count107
) (./lgrind.sty
Package: lgrind 1997/01/30 v3.4 LGrind environment and supporting stuff
\lc@unt=\count108
\ln@xt=\count109
\LGnuminterval=\count110
\LGindent=\skip49
\LGsloppy=\skip50
\procbox=\box30
\ls@far=\box31
\tb@x=\box32
\TBw@d=\dimen112
\@ts=\dimen113
)
Enter file names to process, (chap1,chap2 ...), or `all' to process all files:

\files=all
Including all files.
(./main.aux (./cover.aux) (./contents.aux) (./intro.aux) (./Tensoring.aux)
(./inner.aux) (./Composition.aux) (./Hardness.aux) (./Iterated.aux

LaTeX Warning: Label `main' multiply defined.

) (./Codes.aux) (./biblio.aux))
\openout1 = `main.aux'.

LaTeX Font Info:    Checking defaults for OML/cmm/m/it on input line 45.
LaTeX Font Info:    ... okay on input line 45.
LaTeX Font Info:    Checking defaults for T1/cmr/m/n on input line 45.
LaTeX Font Info:    ... okay on input line 45.
LaTeX Font Info:    Checking defaults for OT1/cmr/m/n on input line 45.
LaTeX Font Info:    ... okay on input line 45.
LaTeX Font Info:    Checking defaults for OMS/cmsy/m/n on input line 45.
LaTeX Font Info:    ... okay on input line 45.
LaTeX Font Info:    Checking defaults for OMX/cmex/m/n on input line 45.
LaTeX Font Info:    ... okay on input line 45.
LaTeX Font Info:    Checking defaults for U/cmr/m/n on input line 45.
LaTeX Font Info:    ... okay on input line 45.

(/usr/share/texmf-texlive/tex/context/base/supp-pdf.mkii
[Loading MPS to PDF converter (version 2006.09.02).]
\scratchcounter=\count111
\scratchdimen=\dimen114
\scratchbox=\box33
\nofMPsegments=\count112
\nofMParguments=\count113
\everyMPshowfont=\toks26
\MPscratchCnt=\count114
\MPscratchDim=\dimen115
\MPnumerator=\count115
\everyMPtoPDFconversion=\toks27
)
\openout2 = `cover.aux'.

 (./cover.tex
LaTeX Font Info:    Try loading font information for OMS+cmr on input line 91.
 (/usr/share/texmf-texlive/tex/latex/base/omscmr.fd
File: omscmr.fd 1999/05/25 v2.5h Standard LaTeX font definitions
)
LaTeX Font Info:    Font shape `OMS/cmr/m/n' in size <14.4> not available
(Font)              Font shape `OMS/cmsy/m/n' tried instead on input line 91.
 [1



{/var/lib/texmf/fonts/map/pdftex/updmap/pdftex.map}] [2

] (./abstract.tex
LaTeX Font Info:    Try loading font information for U+msa on input line 9.

(/usr/share/texmf-texlive/tex/latex/amsfonts/umsa.fd
File: umsa.fd 2009/06/22 v3.00 AMS symbols A
)
LaTeX Font Info:    Try loading font information for U+msb on input line 9.

(/usr/share/texmf-texlive/tex/latex/amsfonts/umsb.fd
File: umsb.fd 2009/06/22 v3.00 AMS symbols B
)
Overfull \hbox (10.80937pt too wide) in paragraph at lines 12--13
[]\OT1/cmr/m/it/12 Polynomial hard-ness fac-tors: \OT1/cmr/m/n/12 We show that 
the \OT1/cmr/m/sc/12 Nearest-Codeword-Problem
 []

) [3

] [4

]) [5]
\openout2 = `contents.aux'.

 (./contents.tex [6



] (./main.toc
Overfull \hbox (16.73354pt too wide) in paragraph at lines 3--3
 [][] []\OT1/cmr/m/n/12 Application to \OT1/cmr/m/sc/12 Min-3Lin-Deletion \OT1/
cmr/m/n/12 and \OT1/cmr/m/sc/12 Nearest-Codeword-Problem []  
 []

[7])
\tf@toc=\write3
\openout3 = `main.toc'.

 [8] (./main.lof)
\tf@lof=\write4
\openout4 = `main.lof'.

 [9

] [10

] (./main.lot)
\tf@lot=\write5
\openout5 = `main.lot'.

) [11]
\openout2 = `intro.aux'.

 (./intro.tex [12



]
Chapter 1.
[13] [14] [15] [16]

LaTeX Font Warning: Font shape `OT1/cmr/bx/sc' undefined
(Font)              using `OT1/cmr/bx/n' instead on input line 125.


Overfull \hbox (3.6778pt too wide) in paragraph at lines 125--125
[]\OT1/cmr/bx/sc/17.28 Application to Min-3Lin-Deletion and Nearest-
 []

[17]
Overfull \hbox (3.9917pt too wide) in paragraph at lines 143--150
[]\OT1/cmr/m/n/12 Previously, Arora \OT1/cmr/m/it/12 et al. \OT1/cmr/m/n/12 [[]
] es-tab-lished \OT1/cmss/m/n/12 NP\OT1/cmr/m/n/12 -hardness of ap-prox-i-ma-ti
on for \OT1/cmr/m/sc/12 Nearest-
 []

[18]
Underfull \vbox (badness 10000) has occurred while \output is active []

 [19])
[20]
\openout2 = `Tensoring.aux'.

 (./Tensoring.tex
Chapter 2.
[21



]
Underfull \hbox (badness 10000) in paragraph at lines 52--58

 []

[22]
Underfull \hbox (badness 10000) in paragraph at lines 103--104

 []

[23]) [24]
\openout2 = `inner.aux'.

 (./inner.tex
Chapter 3.
[25



] <Layout.pdf, id=99, 330.23375pt x 352.31625pt>
File: Layout.pdf Graphic file (type pdf)
 <use Layout.pdf> [26]
[27 <./Layout.pdf>]
LaTeX Font Info:    Font shape `OMS/cmr/m/it' in size <12> not available
(Font)              Font shape `OMS/cmsy/m/n' tried instead on input line 116.
 [28] [29] [30]
LaTeX Font Info:    Font shape `OMS/cmr/m/n' in size <12> not available
(Font)              Font shape `OMS/cmsy/m/n' tried instead on input line 250.
 [31] [32] [33]
Underfull \hbox (badness 10000) in paragraph at lines 442--443

 []

[34]
Underfull \vbox (badness 2134) has occurred while \output is active []

 [35]
[36] [37] [38] [39]) [40]
\openout2 = `Composition.aux'.

 (./Composition.tex
Chapter 4.
[41



]
Underfull \vbox (badness 10000) has occurred while \output is active []

 [42]
Overfull \hbox (31.13544pt too wide) in paragraph at lines 88--98
 [][] 
 []

[43] [44]
Overfull \hbox (34.21965pt too wide) in paragraph at lines 176--185
\OT1/cmr/m/it/12 A Bi-par-tite LDRC for the k-tuples is $\OMS/cmsy/m/n/12 G \OT
1/cmr/m/n/12 = \OMS/cmsy/m/n/12 h\OML/cmm/m/it/12 G \OT1/cmr/m/n/12 = (\OML/cmm
/m/it/12 A; B; E\OT1/cmr/m/n/12 )\OML/cmm/m/it/12 ; A; B; \OMS/cmsy/m/n/12 f\OM
L/cmm/m/it/12 ^^Y[]\OMS/cmsy/m/n/12 g[] 2 \OML/cmm/m/it/12 E; \OMS/cmsy/m/n/12 
f\OML/cmm/m/it/12 ^^\[]\OMS/cmsy/m/n/12 g[]\OML/cmm/m/it/12 ; \OMS/cmsy/m/n/12 
f\OML/cmm/m/it/12 ^^Z[]\OMS/cmsy/m/n/12 g[]i$\OT1/cmr/m/it/12 ,
 []

[45]
Missing character: There is no â in font cmr8!
Missing character: There is no ˆ in font cmr8!
Missing character: There is no ’ in font cmr8!

Overfull \hbox (13.68881pt too wide) in paragraph at lines 216--224
\OT1/cmr/bx/n/12 Definition 7 \OT1/cmr/m/n/12 (Con-struc-tion Al-go-rithm, The-
o-rem 15 in [[]])\OT1/cmr/bx/n/12 . \OT1/cmr/m/it/12 A $\OT1/cmr/m/n/12 (\OML/c
mm/m/it/12 k[]; ^^N[]\OT1/cmr/m/n/12 )$\OT1/cmr/m/it/12 -construction
 []


Overfull \hbox (7.28725pt too wide) in paragraph at lines 227--230
\OT1/cmr/bx/n/12 Theorem 4.2.1 \OT1/cmr/m/n/12 (Query Re-duc-tion, The-o-rem 16
 in [[]])\OT1/cmr/bx/n/12 . \OT1/cmr/m/it/12 If there is a $\OT1/cmr/m/n/12 (\O
ML/cmm/m/it/12 q; ^^O\OT1/cmr/m/n/12 )$\OT1/cmr/m/it/12 -construction
 []

[46]
Overfull \hbox (42.581pt too wide) in paragraph at lines 285--290
\OMS/cmsy/m/n/12 f\OT1/cmr/m/n/12 0\OML/cmm/m/it/12 ; \OT1/cmr/m/n/12 1\OMS/cms
y/m/n/12 g[]$\OT1/cmr/m/n/12 , where \OT1/cmss/m/n/12 poly\OT1/cmr/m/n/12 ($\OM
S/cmsy/m/n/12 ^^A$\OT1/cmr/m/n/12 ) is im-plicit in Def-i-ni-tion 7[]. We choos
e $[] =
 []

[47]

LaTeX Font Warning: Command \sc invalid in math mode on input line 351.

[48]) [49]
\openout2 = `Hardness.aux'.

 (./Hardness.tex [50



]
Chapter 5.
Missing character: There is no Â in font cmti12!
Missing character: There is no ¯ in font cmti12!
[51] [52] [53]
Underfull \hbox (badness 10000) in paragraph at lines 145--149

 []


Underfull \hbox (badness 10000) in paragraph at lines 160--162

 []

) [54]
\openout2 = `Iterated.aux'.

 (./Iterated.tex
Chapter 6.
[55



] [56] [57]
Overfull \hbox (27.76291pt too wide) in paragraph at lines 147--152
\OT1/cmr/m/it/12 struct a $\OML/cmm/m/it/12 ^^Z$\OT1/cmr/m/it/12 -robust as-sig
n-ment tester $\OMS/cmsy/m/n/12 A[] \OT1/cmr/m/n/12 = 	[]$ \OT1/cmr/m/it/12 wit
h pa-ram-e-ters $[]$. 
 []


Overfull \hbox (97.38463pt too wide) detected at line 173
\OML/cmm/m/it/12 R[] \OT1/cmr/m/n/12 = \OML/cmm/m/it/12 R[]\OT1/cmr/m/n/12 (\OM
L/cmm/m/it/12 n\OT1/cmr/m/n/12 ) \OMS/cmsy/m/n/12 ^^A \OML/cmm/m/it/12 R[]\OT1/
cmr/m/n/12 (\OT1/cmss/m/n/12 S[]\OT1/cmr/m/n/12 (\OML/cmm/m/it/12 n\OT1/cmr/m/n
/12 ))\OML/cmm/m/it/12 ;    \OT1/cmss/m/n/12 S[]\OT1/cmr/m/n/12 (\OML/cmm/m/it/
12 n\OT1/cmr/m/n/12 ) = \OT1/cmss/m/n/12 S[]\OT1/cmr/m/n/12 (\OT1/cmss/m/n/12 S
[]\OT1/cmr/m/n/12 (\OML/cmm/m/it/12 n\OT1/cmr/m/n/12 ))\OML/cmm/m/it/12 ;    \O
T1/cmss/m/n/12 q[]\OT1/cmr/m/n/12 (\OML/cmm/m/it/12 n\OT1/cmr/m/n/12 ) = \OT1/c
mss/m/n/12 q[]\OT1/cmr/m/n/12 (\OT1/cmss/m/n/12 S[]\OT1/cmr/m/n/12 (\OML/cmm/m/
it/12 n\OT1/cmr/m/n/12 ))\OML/cmm/m/it/12 ;   ^^Z[] \OT1/cmr/m/n/12 = \OML/cmm/
m/it/12 ^^Z[]\OT1/cmr/m/n/12 (\OML/cmm/m/it/12 n\OT1/cmr/m/n/12 ) + \OML/cmm/m/
it/12 ^^Z[]\OT1/cmr/m/n/12 (\OT1/cmss/m/n/12 S[]\OT1/cmr/m/n/12 (\OML/cmm/m/it/
12 n\OT1/cmr/m/n/12 )) \OMS/cmsy/m/n/12 ^^@ \OML/cmm/m/it/12 ^^Z[]\OT1/cmr/m/n/
12 (\OML/cmm/m/it/12 n\OT1/cmr/m/n/12 ) \OMS/cmsy/m/n/12 ^^A \OML/cmm/m/it/12 ^
^Z[]\OT1/cmr/m/n/12 (\OT1/cmss/m/n/12 S[]\OT1/cmr/m/n/12 (\OML/cmm/m/it/12 n\OT
1/cmr/m/n/12 ))[] 
 []


Underfull \hbox (badness 10000) in paragraph at lines 183--186

 []

[58]
Overfull \hbox (19.85945pt too wide) in paragraph at lines 206--212
\OT1/cmr/m/it/12 be made a $\OML/cmm/m/it/12 ^^V$\OT1/cmr/m/it/12 -robust as-si
gn-ment tester $\OMS/cmsy/m/n/12 A$ \OT1/cmr/m/it/12 with pa-ram-e-ters $[]$. 
 []


Underfull \hbox (badness 10000) in paragraph at lines 213--215

 []

[59] [60]
Overfull \hbox (13.81796pt too wide) in paragraph at lines 280--289
\OT1/cmr/m/n/12 the self com-po-si-tion step re-sults in a query size of $\OML/
cmm/m/it/12 Q\OT1/cmr/m/n/12 (\OML/cmm/m/it/12 Q\OT1/cmr/m/n/12 (\OML/cmm/m/it/
12 n\OT1/cmr/m/n/12 ))$, which is $[]\OT1/cmss/m/n/12 q[] [] [][]$\OT1/cmr/m/n/
12 .
 []

[61] [62]
Underfull \vbox (badness 10000) has occurred while \output is active []

 [63]
[64] [65]

LaTeX Font Warning: Command \sc invalid in math mode on input line 515.

[66]
Underfull \hbox (badness 10000) in paragraph at lines 556--557

 []

) [67]
\openout2 = `Codes.aux'.

 (./Codes.tex [68



]
Chapter 7.

LaTeX Warning: Citation `BMT' on page 69 undefined on input line 13.

[69] [70]) [71]
\openout2 = `biblio.aux'.

 (./biblio.tex (./main.bbl [72



]
Underfull \hbox (badness 3690) in paragraph at lines 44--48
[]\OT1/cmr/m/n/12 M. Bel-lare, O. Gol-dre-ich, and M. Su-dan.  Free bits, \OT1/
cmr/m/sc/12 PCP\OT1/cmr/m/n/12 s, and
 []

[73] [74])) [75] (./main.aux (./cover.aux) (./contents.aux) (./intro.aux)
(./Tensoring.aux) (./inner.aux) (./Composition.aux) (./Hardness.aux)
(./Iterated.aux) (./Codes.aux) (./biblio.aux))

LaTeX Font Warning: Some font shapes were not available, defaults substituted.


LaTeX Warning: There were undefined references.


LaTeX Warning: There were multiply-defined labels.

 ) 
Here is how much of TeX's memory you used:
 2287 strings out of 495061
 25981 string characters out of 1182621
 93395 words of memory out of 3000000
 5369 multiletter control sequences out of 15000+50000
 16842 words of font info for 63 fonts, out of 3000000 for 9000
 28 hyphenation exceptions out of 8191
 34i,10n,26p,885b,252s stack positions out of 5000i,500n,10000p,200000b,50000s
</usr/share/texmf-texlive/fonts/type1/public/amsfonts/cm/cmbx12.pfb></usr/sha
re/texmf-texlive/fonts/type1/public/amsfonts/cm/cmbx8.pfb></usr/share/texmf-tex
live/fonts/type1/public/amsfonts/cm/cmcsc10.pfb></usr/share/texmf-texlive/fonts
/type1/public/amsfonts/cm/cmex10.pfb></usr/share/texmf-texlive/fonts/type1/publ
ic/amsfonts/cmextra/cmex8.pfb></usr/share/texmf-texlive/fonts/type1/public/amsf
onts/cm/cmmi10.pfb></usr/share/texmf-texlive/fonts/type1/public/amsfonts/cm/cmm
i12.pfb></usr/share/texmf-texlive/fonts/type1/public/amsfonts/cm/cmmi6.pfb></us
r/share/texmf-texlive/fonts/type1/public/amsfonts/cm/cmmi7.pfb></usr/share/texm
f-texlive/fonts/type1/public/amsfonts/cm/cmmi8.pfb></usr/share/texmf-texlive/fo
nts/type1/public/amsfonts/cm/cmr10.pfb></usr/share/texmf-texlive/fonts/type1/pu
blic/amsfonts/cm/cmr12.pfb></usr/share/texmf-texlive/fonts/type1/public/amsfont
s/cm/cmr17.pfb></usr/share/texmf-texlive/fonts/type1/public/amsfonts/cm/cmr6.pf
b></usr/share/texmf-texlive/fonts/type1/public/amsfonts/cm/cmr7.pfb></usr/share
/texmf-texlive/fonts/type1/public/amsfonts/cm/cmr8.pfb></usr/share/texmf-texliv
e/fonts/type1/public/amsfonts/cm/cmss12.pfb></usr/share/texmf-texlive/fonts/typ
e1/public/amsfonts/cm/cmss8.pfb></usr/share/texmf-texlive/fonts/type1/public/am
sfonts/cm/cmsy10.pfb></usr/share/texmf-texlive/fonts/type1/public/amsfonts/cm/c
msy6.pfb></usr/share/texmf-texlive/fonts/type1/public/amsfonts/cm/cmsy8.pfb></u
sr/share/texmf-texlive/fonts/type1/public/amsfonts/cm/cmti12.pfb></usr/share/te
xmf-texlive/fonts/type1/public/amsfonts/cm/cmtt12.pfb></usr/share/texmf-texlive
/fonts/type1/public/amsfonts/symbols/msam10.pfb></usr/share/texmf-texlive/fonts
/type1/public/amsfonts/symbols/msbm10.pfb>
Output written on main.pdf (75 pages, 519993 bytes).
PDF statistics:
 355 PDF objects out of 1000 (max. 8388607)
 0 named destinations out of 1000 (max. 500000)
 6 words of extra memory for PDF output out of 10000 (max. 10000000)

